2025-03-14 12:02:28,839 :INFO :************ Test__001__login **************
2025-03-14 12:02:28,841 :INFO :************ Browser started... **************
2025-03-14 12:02:28,841 :INFO :************ Verifying new page Url Test **************
2025-03-14 12:02:33,971 :INFO :************ Verify new page Url Test is passed **************
2025-03-14 12:02:37,542 :INFO :************ verifying page text Test **************
2025-03-14 12:02:41,463 :INFO :************ Expected page text Test is passed **************
2025-03-14 12:02:43,941 :INFO :************ verifying displayed logout button **************
2025-03-14 12:02:47,185 :INFO :************ logout displayed test ist passed  **************
2025-03-14 12:04:28,212 :INFO :************ Test__001__login **************
2025-03-14 12:04:28,212 :INFO :************ Browser started... **************
2025-03-14 12:04:28,213 :INFO :************ Verifying new page Url Test **************
2025-03-14 12:04:42,214 :ERROR :************ Verify new page Url Test is failed **************
2025-03-14 12:04:44,615 :INFO :************ verifying page text Test **************
2025-03-14 12:04:47,552 :INFO :************ Expected page text Test is passed **************
2025-03-14 12:04:49,800 :INFO :************ verifying displayed logout button **************
2025-03-14 12:04:52,857 :INFO :************ logout displayed test ist passed  **************
2025-03-14 12:06:16,665 :INFO :************ Test__001__login **************
2025-03-14 12:06:16,666 :INFO :************ Browser started... **************
2025-03-14 12:06:16,667 :INFO :************ Verifying new page Url Test **************
2025-03-14 12:06:21,173 :INFO :************ Verify new page Url Test is passed **************
2025-03-14 12:06:23,278 :INFO :************ verifying page text Test **************
2025-03-14 12:06:26,212 :INFO :************ Expected page text Test is passed **************
2025-03-14 12:06:28,281 :INFO :************ verifying displayed logout button **************
2025-03-14 12:06:31,215 :INFO :************ logout displayed test ist passed  **************
2025-03-14 14:08:58,386 :INFO :************ Test__001__login **************
2025-03-14 14:08:58,390 :INFO :************ Browser started... **************
2025-03-14 14:08:58,390 :INFO :************ Verifying new page Url Test **************
2025-03-14 14:09:06,941 :INFO :************ Verify new page Url Test is passed **************
2025-03-14 14:09:17,375 :INFO :************ verifying page text Test **************
2025-03-14 14:09:22,782 :INFO :************ Expected page text Test is passed **************
2025-03-14 14:09:30,833 :INFO :************ verifying displayed logout button **************
2025-03-14 14:09:36,037 :INFO :************ logout displayed test ist passed  **************
2025-03-14 15:39:25,400 :INFO :************ Test__001__login **************
2025-03-14 15:39:25,400 :INFO :************ Browser started... **************
2025-03-14 15:39:25,400 :INFO :************ Verifying new page Url Test **************
2025-03-14 15:41:04,852 :INFO :************ Test__001__login **************
2025-03-14 15:41:04,853 :INFO :************ Browser started... **************
2025-03-14 15:41:04,854 :INFO :************ Verifying new page Url Test **************
2025-03-14 15:41:13,860 :INFO :************ Verify new page Url Test is passed **************
2025-03-14 15:41:26,070 :INFO :************ verifying page text Test **************
2025-03-14 15:41:31,061 :INFO :************ Expected page text Test is passed **************
2025-03-14 15:41:39,021 :INFO :************ verifying displayed logout button **************
2025-03-14 15:41:44,707 :INFO :************ logout displayed test ist passed  **************
2025-03-14 15:42:03,241 :INFO :************ Test__001__login **************
2025-03-14 15:42:03,242 :INFO :************ Browser started... **************
2025-03-14 15:42:03,242 :INFO :************ Verifying new page Url Test **************
2025-03-17 09:56:11,239 :INFO :************ verifying page text Test **************
2025-03-17 09:56:20,426 :INFO :************ Expected page text Test is passed **************
2025-03-17 09:56:28,948 :INFO :************ verifying displayed logout button **************
2025-03-17 09:56:34,731 :INFO :************ logout displayed test ist passed  **************
2025-03-17 09:59:03,840 :INFO :************ Test__001__login **************
2025-03-17 09:59:03,841 :INFO :************ Browser started... **************
2025-03-17 09:59:03,841 :INFO :************ Verifying new page Url Test **************
2025-03-17 09:59:08,762 :INFO :************ Verify new page Url Test is passed **************
2025-03-17 09:59:10,946 :INFO :************ verifying page text Test **************
2025-03-17 09:59:14,208 :INFO :************ Expected page text Test is passed **************
2025-03-17 09:59:16,281 :INFO :************ verifying displayed logout button **************
2025-03-17 09:59:22,558 :INFO :************ logout displayed test ist passed  **************
2025-03-17 09:59:50,310 :INFO :************ Test__001__login **************
2025-03-17 09:59:50,311 :INFO :************ Browser started... **************
2025-03-17 09:59:50,311 :INFO :************ Verifying new page Url Test **************
2025-03-17 09:59:55,334 :INFO :************ Verify new page Url Test is passed **************
2025-03-17 10:00:06,544 :INFO :************ verifying page text Test **************
2025-03-17 10:00:11,879 :INFO :************ Expected page text Test is passed **************
2025-03-17 10:00:21,326 :INFO :************ verifying displayed logout button **************
2025-03-17 10:00:26,251 :INFO :************ logout displayed test ist passed  **************
2025-03-17 11:00:20,319 :INFO :************ Test__001__login **************
2025-03-17 11:00:20,321 :INFO :************ Browser started... **************
2025-03-17 11:00:20,321 :INFO :************ Verifying new page Url Test **************
2025-03-17 11:00:24,350 :INFO :************ Verify new page Url Test is passed **************
2025-03-17 11:00:27,133 :INFO :************ verifying page text Test **************
2025-03-17 11:00:32,937 :INFO :************ Expected page text Test is passed **************
2025-03-17 11:00:35,094 :INFO :************ verifying displayed logout button **************
2025-03-17 11:00:37,902 :INFO :************ logout displayed test ist passed  **************
2025-03-17 11:06:30,620 :INFO :************ Test__001__login **************
2025-03-17 11:06:30,621 :INFO :************ Browser started... **************
2025-03-17 11:06:30,622 :INFO :************ Verifying new page Url Test **************
2025-03-17 11:06:36,487 :INFO :************ Verify new page Url Test is passed **************
2025-03-17 11:06:39,208 :INFO :************ verifying page text Test **************
2025-03-17 11:06:42,232 :INFO :************ Expected page text Test is passed **************
2025-03-17 11:06:44,417 :INFO :************ verifying displayed logout button **************
2025-03-17 11:06:51,006 :INFO :************ logout displayed test ist passed  **************
2025-03-17 11:15:05,621 :INFO :************ Test__001__login **************
2025-03-17 11:15:05,622 :INFO :************ Browser started... **************
2025-03-17 11:15:05,622 :INFO :************ Verifying new page Url Test **************
2025-03-17 11:15:08,934 :INFO :************ Verify new page Url Test is passed **************
2025-03-18 10:32:45,781 :INFO :*************Test__002__login**************
2025-03-18 10:32:45,783 :INFO :*************Browser is opened**************
2025-03-18 10:32:45,784 :INFO :*************Test with incorrect Username is performed**************
2025-03-18 10:32:49,843 :INFO :*************Incorrect Username Test is passed**************
2025-03-18 10:33:24,423 :INFO :*************Test__002__login**************
2025-03-18 10:33:24,424 :INFO :*************Browser is opened**************
2025-03-18 10:33:24,424 :INFO :*************Test with incorrect Username is performed**************
2025-03-18 10:33:38,144 :ERROR :*************Incorrect Username Test is failed**************
2025-03-18 10:33:38,145 :ERROR :*************error message wasn't displayed**************
2025-03-18 10:34:40,066 :INFO :*************Test__002__login**************
2025-03-18 10:34:40,067 :INFO :*************Browser is opened**************
2025-03-18 10:34:40,067 :INFO :*************Test with incorrect Username is performed**************
2025-03-18 10:34:42,399 :INFO :*************Incorrect Username Test is passed**************
2025-03-18 10:49:22,181 :INFO :*************Test__002__login**************
2025-03-18 10:49:22,190 :INFO :*************Browser is opened**************
2025-03-18 10:49:22,191 :INFO :*************Test with incorrect Username is performed**************
2025-03-18 10:49:24,913 :INFO :*************Incorrect Username Test is passed**************
2025-03-18 10:49:26,987 :INFO :*************Browser is opened**************
2025-03-18 10:49:26,988 :INFO :*************Test username error message is performed**************
2025-03-18 10:49:31,048 :INFO :*************Username error message Test is passed**************
